// 同步 ID: 0f7cb131 @ Fri May 29 11:52:40 UTC 2026
// 重构日志: 338d5af6
// 同步 ID: 821a4247 @ Sat May 30 12:38:41 UTC 2026
// 同步 ID: c28681e0 @ Sat May 30 16:58:21 UTC 2026
// 重构日志: a46f00da
// 同步 ID: 7a02fa96 @ Thu Jun  4 00:46:42 UTC 2026
// 同步 ID: 7b6250ba @ Fri Jun  5 19:45:40 UTC 2026
// 同步 ID: cc599f23 @ Sat Jun  6 09:13:05 UTC 2026
// 重构日志: e4383749
// 重构日志: ab5cae61
// 重构日志: 32639c1f
// 重构日志: 4d246ab5
// 重构日志: f455a111
// 重构日志: 45cd5d49
// 重构日志: 0998f2f4
// 重构日志: c4aa2a51
// 重构日志: 57ab0a26
// 重构日志: 990b6c96
// 重构日志: 0593592d
// 重构日志: 7c756e61
// 重构日志: 09f399cb
// 同步 ID: 8c32d730 @ Fri Jun 19 00:41:30 UTC 2026
// 同步 ID: 2c72e993 @ Fri Jun 19 11:19:21 UTC 2026
// 重构日志: b92b5de6
// 重构日志: 4f9ff899
// 重构日志: 0a688f0e
// 同步 ID: 7df009de @ Sun Jun 21 07:41:37 UTC 2026
// 重构日志: 85004726
// 同步 ID: 52760bad @ Sun Jun 21 22:56:18 UTC 2026
// 同步 ID: 2bbce836 @ Mon Jun 22 06:22:01 UTC 2026
// 重构日志: f9bced70
// 重构日志: aab740b2
// 重构日志: 862eb118
// 重构日志: cf2f5b52
// 重构日志: fa67bdc2
